ERROR - 2022-09-10 04:31:37 --> Error connecting to the database: mysqli_sql_exception: Access denied for user 'root'@'localhost' (using password: YES) in D:\Activity Farrel\xampp\htdocs\wcp-api\system\Database\MySQLi\Connection.php:171
Stack trace:
#0 D:\Activity Farrel\xampp\htdocs\wcp-api\system\Database\MySQLi\Connection.php(171): mysqli->real_connect('localhost', 'root', '-', 'komunitas_progr...', 3306, '', 0)
#1 D:\Activity Farrel\xampp\htdocs\wcp-api\system\Database\BaseConnection.php(382): CodeIgniter\Database\MySQLi\Connection->connect(false)
#2 D:\Activity Farrel\xampp\htdocs\wcp-api\system\Database\BaseConnection.php(588): CodeIgniter\Database\BaseConnection->initialize()
#3 D:\Activity Farrel\xampp\htdocs\wcp-api\system\Database\BaseBuilder.php(1585): CodeIgniter\Database\BaseConnection->query('SELECT *\nFROM `...', Array, false)
#4 D:\Activity Farrel\xampp\htdocs\wcp-api\system\Model.php(223): CodeIgniter\Database\BaseBuilder->get()
#5 D:\Activity Farrel\xampp\htdocs\wcp-api\system\BaseModel.php(584): CodeIgniter\Model->doFindAll(0, 0)
#6 D:\Activity Farrel\xampp\htdocs\wcp-api\app\Controllers\Berita.php(17): CodeIgniter\BaseModel->findAll()
#7 D:\Activity Farrel\xampp\htdocs\wcp-api\system\CodeIgniter.php(904): App\Controllers\Berita->index()
#8 D:\Activity Farrel\xampp\htdocs\wcp-api\system\CodeIgniter.php(457): CodeIgniter\CodeIgniter->runController(Object(App\Controllers\Berita))
#9 D:\Activity Farrel\xampp\htdocs\wcp-api\system\CodeIgniter.php(340): CodeIgniter\CodeIgniter->handleRequest(NULL, Object(Config\Cache), false)
#10 D:\Activity Farrel\xampp\htdocs\wcp-api\public\index.php(67): CodeIgniter\CodeIgniter->run()
#11 {main}

Next CodeIgniter\Database\Exceptions\DatabaseException: Access denied for user '****'@'localhost' (using password: YES) in D:\Activity Farrel\xampp\htdocs\wcp-api\system\Database\MySQLi\Connection.php:215
Stack trace:
#0 D:\Activity Farrel\xampp\htdocs\wcp-api\system\Database\BaseConnection.php(382): CodeIgniter\Database\MySQLi\Connection->connect(false)
#1 D:\Activity Farrel\xampp\htdocs\wcp-api\system\Database\BaseConnection.php(588): CodeIgniter\Database\BaseConnection->initialize()
#2 D:\Activity Farrel\xampp\htdocs\wcp-api\system\Database\BaseBuilder.php(1585): CodeIgniter\Database\BaseConnection->query('SELECT *\nFROM `...', Array, false)
#3 D:\Activity Farrel\xampp\htdocs\wcp-api\system\Model.php(223): CodeIgniter\Database\BaseBuilder->get()
#4 D:\Activity Farrel\xampp\htdocs\wcp-api\system\BaseModel.php(584): CodeIgniter\Model->doFindAll(0, 0)
#5 D:\Activity Farrel\xampp\htdocs\wcp-api\app\Controllers\Berita.php(17): CodeIgniter\BaseModel->findAll()
#6 D:\Activity Farrel\xampp\htdocs\wcp-api\system\CodeIgniter.php(904): App\Controllers\Berita->index()
#7 D:\Activity Farrel\xampp\htdocs\wcp-api\system\CodeIgniter.php(457): CodeIgniter\CodeIgniter->runController(Object(App\Controllers\Berita))
#8 D:\Activity Farrel\xampp\htdocs\wcp-api\system\CodeIgniter.php(340): CodeIgniter\CodeIgniter->handleRequest(NULL, Object(Config\Cache), false)
#9 D:\Activity Farrel\xampp\htdocs\wcp-api\public\index.php(67): CodeIgniter\CodeIgniter->run()
#10 {main}
CRITICAL - 2022-09-10 04:31:37 --> Unable to connect to the database.
Main connection [MySQLi]: Access denied for user '****'@'localhost' (using password: YES)
in SYSTEMPATH\Database\BaseConnection.php on line 418.
 1 SYSTEMPATH\Database\BaseConnection.php(588): CodeIgniter\Database\BaseConnection->initialize()
 2 SYSTEMPATH\Database\BaseBuilder.php(1585): CodeIgniter\Database\BaseConnection->query('SELECT *
FROM `berita`
ORDER BY `Judul_berita` ASC', [], false)
 3 SYSTEMPATH\Model.php(223): CodeIgniter\Database\BaseBuilder->get()
 4 SYSTEMPATH\BaseModel.php(584): CodeIgniter\Model->doFindAll(0, 0)
 5 APPPATH\Controllers\Berita.php(17): CodeIgniter\BaseModel->findAll()
 6 SYSTEMPATH\CodeIgniter.php(904): App\Controllers\Berita->index()
 7 SYSTEMPATH\CodeIgniter.php(457): CodeIgniter\CodeIgniter->runController(Object(App\Controllers\Berita))
 8 SYSTEMPATH\CodeIgniter.php(340): CodeIgniter\CodeIgniter->handleRequest(null, Object(Config\Cache), false)
 9 FCPATH\index.php(67): CodeIgniter\CodeIgniter->run()
ERROR - 2022-09-10 04:33:40 --> Error connecting to the database: mysqli_sql_exception: Access denied for user 'root'@'localhost' (using password: YES) in D:\Activity Farrel\xampp\htdocs\wcp-api\system\Database\MySQLi\Connection.php:171
Stack trace:
#0 D:\Activity Farrel\xampp\htdocs\wcp-api\system\Database\MySQLi\Connection.php(171): mysqli->real_connect('localhost', 'root', '-', 'komunitas_progr...', 3306, '', 0)
#1 D:\Activity Farrel\xampp\htdocs\wcp-api\system\Database\BaseConnection.php(382): CodeIgniter\Database\MySQLi\Connection->connect(false)
#2 D:\Activity Farrel\xampp\htdocs\wcp-api\system\Database\BaseConnection.php(588): CodeIgniter\Database\BaseConnection->initialize()
#3 D:\Activity Farrel\xampp\htdocs\wcp-api\system\Database\BaseBuilder.php(1585): CodeIgniter\Database\BaseConnection->query('SELECT *\nFROM `...', Array, false)
#4 D:\Activity Farrel\xampp\htdocs\wcp-api\system\Model.php(223): CodeIgniter\Database\BaseBuilder->get()
#5 D:\Activity Farrel\xampp\htdocs\wcp-api\system\BaseModel.php(584): CodeIgniter\Model->doFindAll(0, 0)
#6 D:\Activity Farrel\xampp\htdocs\wcp-api\app\Controllers\Berita.php(17): CodeIgniter\BaseModel->findAll()
#7 D:\Activity Farrel\xampp\htdocs\wcp-api\system\CodeIgniter.php(904): App\Controllers\Berita->index()
#8 D:\Activity Farrel\xampp\htdocs\wcp-api\system\CodeIgniter.php(457): CodeIgniter\CodeIgniter->runController(Object(App\Controllers\Berita))
#9 D:\Activity Farrel\xampp\htdocs\wcp-api\system\CodeIgniter.php(340): CodeIgniter\CodeIgniter->handleRequest(NULL, Object(Config\Cache), false)
#10 D:\Activity Farrel\xampp\htdocs\wcp-api\public\index.php(67): CodeIgniter\CodeIgniter->run()
#11 {main}

Next CodeIgniter\Database\Exceptions\DatabaseException: Access denied for user '****'@'localhost' (using password: YES) in D:\Activity Farrel\xampp\htdocs\wcp-api\system\Database\MySQLi\Connection.php:215
Stack trace:
#0 D:\Activity Farrel\xampp\htdocs\wcp-api\system\Database\BaseConnection.php(382): CodeIgniter\Database\MySQLi\Connection->connect(false)
#1 D:\Activity Farrel\xampp\htdocs\wcp-api\system\Database\BaseConnection.php(588): CodeIgniter\Database\BaseConnection->initialize()
#2 D:\Activity Farrel\xampp\htdocs\wcp-api\system\Database\BaseBuilder.php(1585): CodeIgniter\Database\BaseConnection->query('SELECT *\nFROM `...', Array, false)
#3 D:\Activity Farrel\xampp\htdocs\wcp-api\system\Model.php(223): CodeIgniter\Database\BaseBuilder->get()
#4 D:\Activity Farrel\xampp\htdocs\wcp-api\system\BaseModel.php(584): CodeIgniter\Model->doFindAll(0, 0)
#5 D:\Activity Farrel\xampp\htdocs\wcp-api\app\Controllers\Berita.php(17): CodeIgniter\BaseModel->findAll()
#6 D:\Activity Farrel\xampp\htdocs\wcp-api\system\CodeIgniter.php(904): App\Controllers\Berita->index()
#7 D:\Activity Farrel\xampp\htdocs\wcp-api\system\CodeIgniter.php(457): CodeIgniter\CodeIgniter->runController(Object(App\Controllers\Berita))
#8 D:\Activity Farrel\xampp\htdocs\wcp-api\system\CodeIgniter.php(340): CodeIgniter\CodeIgniter->handleRequest(NULL, Object(Config\Cache), false)
#9 D:\Activity Farrel\xampp\htdocs\wcp-api\public\index.php(67): CodeIgniter\CodeIgniter->run()
#10 {main}
CRITICAL - 2022-09-10 04:33:40 --> Unable to connect to the database.
Main connection [MySQLi]: Access denied for user '****'@'localhost' (using password: YES)
in SYSTEMPATH\Database\BaseConnection.php on line 418.
 1 SYSTEMPATH\Database\BaseConnection.php(588): CodeIgniter\Database\BaseConnection->initialize()
 2 SYSTEMPATH\Database\BaseBuilder.php(1585): CodeIgniter\Database\BaseConnection->query('SELECT *
FROM `berita`
ORDER BY `Judul_berita` ASC', [], false)
 3 SYSTEMPATH\Model.php(223): CodeIgniter\Database\BaseBuilder->get()
 4 SYSTEMPATH\BaseModel.php(584): CodeIgniter\Model->doFindAll(0, 0)
 5 APPPATH\Controllers\Berita.php(17): CodeIgniter\BaseModel->findAll()
 6 SYSTEMPATH\CodeIgniter.php(904): App\Controllers\Berita->index()
 7 SYSTEMPATH\CodeIgniter.php(457): CodeIgniter\CodeIgniter->runController(Object(App\Controllers\Berita))
 8 SYSTEMPATH\CodeIgniter.php(340): CodeIgniter\CodeIgniter->handleRequest(null, Object(Config\Cache), false)
 9 FCPATH\index.php(67): CodeIgniter\CodeIgniter->run()
